	.file	"ejercicio2.c"
	.section	.text.unlikely,"ax",@progbits
.LCOLDB0:
	.text
.LHOTB0:
	.globl	producto
	.type	producto, @function
producto:
.LFB20:
	.cfi_startproc
	mulss	%xmm0, %xmm1
	movss	%xmm1, (%rdi)
	ret
	.cfi_endproc
.LFE20:
	.size	producto, .-producto
	.section	.text.unlikely
.LCOLDE0:
	.text
.LHOTE0:
	.section	.rodata.str1.1,"aMS",@progbits,1
.LC1:
	.string	"[ERROR] Indicar numero de iteraciones como argumento"
.LC2:
	.string	"Res: %f\n"
.LC3:
	.string	"N\303\272mero de iteraciones: %d\n"
	.section	.text.unlikely
.LCOLDB4:
	.section	.text.startup,"ax",@progbits
.LHOTB4:
	.globl	main
	.type	main, @function
main:
.LFB21:
	.cfi_startproc
	pushq	%rbx
	.cfi_def_cfa_offset 16
	.cfi_offset 3, -16
	subq	$1440016, %rsp
	.cfi_def_cfa_offset 1440032
	movq	%fs:40, %rax
	movq	%rax, 1440008(%rsp)
	xorl	%eax, %eax
	decl	%edi
	jg	.L3
	movl	$.LC1, %edi
	call	puts
	orl	$-1, %eax
	jmp	.L4
.L3:
	movq	8(%rsi), %rdi
	call	atoi
	cvtss2sd	1442408(%rsp), %xmm0
	movl	%eax, %ebx
	movl	$.LC2, %esi
	movl	$1, %edi
	movb	$1, %al
	call	__printf_chk
	movl	%ebx, %edx
	movl	$.LC3, %esi
	movl	$1, %edi
	xorl	%eax, %eax
	call	__printf_chk
	movl	$1, %eax
.L4:
	movq	1440008(%rsp), %rcx
	xorq	%fs:40, %rcx
	je	.L5
	call	__stack_chk_fail
.L5:
	addq	$1440016, %rsp
	.cfi_def_cfa_offset 16
	popq	%rbx
	.cfi_def_cfa_offset 8
	ret
	.cfi_endproc
.LFE21:
	.size	main, .-main
	.section	.text.unlikely
.LCOLDE4:
	.section	.text.startup
.LHOTE4:
	.ident	"GCC: (Ubuntu 5.4.0-6ubuntu1~16.04.5) 5.4.0 20160609"
	.section	.note.GNU-stack,"",@progbits
