	.file	"ejercicio2.c"
	.text
	.globl	producto
	.type	producto, @function
producto:
.LFB2:
	.cfi_startproc
	pushq	%rbp
	.cfi_def_cfa_offset 16
	.cfi_offset 6, -16
	movq	%rsp, %rbp
	.cfi_def_cfa_register 6
	movss	%xmm0, -4(%rbp)
	movss	%xmm1, -8(%rbp)
	movq	%rdi, -16(%rbp)
	movss	-4(%rbp), %xmm0
	mulss	-8(%rbp), %xmm0
	movq	-16(%rbp), %rax
	movss	%xmm0, (%rax)
	nop
	popq	%rbp
	.cfi_def_cfa 7, 8
	ret
	.cfi_endproc
.LFE2:
	.size	producto, .-producto
	.section	.rodata
	.align 8
.LC0:
	.string	"[ERROR] Indicar numero de iteraciones como argumento"
.LC4:
	.string	"Res: %f\n"
.LC5:
	.string	"N\303\272mero de iteraciones: %d\n"
	.text
	.globl	main
	.type	main, @function
main:
.LFB3:
	.cfi_startproc
	pushq	%rbp
	.cfi_def_cfa_offset 16
	.cfi_offset 6, -16
	movq	%rsp, %rbp
	.cfi_def_cfa_register 6
	subq	$4320064, %rsp
	movl	%edi, -4320052(%rbp)
	movq	%rsi, -4320064(%rbp)
	movq	%fs:40, %rax
	movq	%rax, -8(%rbp)
	xorl	%eax, %eax
	cmpl	$1, -4320052(%rbp)
	jg	.L3
	movl	$.LC0, %edi
	call	puts
	movl	$-1, %eax
	jmp	.L17
.L3:
	movq	-4320064(%rbp), %rax
	addq	$8, %rax
	movq	(%rax), %rax
	movq	%rax, %rdi
	call	atoi
	movl	%eax, -4320020(%rbp)
	movl	$0, -4320036(%rbp)
	jmp	.L5
.L8:
	movl	$0, -4320032(%rbp)
	jmp	.L6
.L7:
	movl	-4320036(%rbp), %edx
	movl	-4320032(%rbp), %eax
	addl	%edx, %eax
	pxor	%xmm0, %xmm0
	cvtsi2sd	%eax, %xmm0
	pxor	%xmm1, %xmm1
	cvtsi2sd	-4320032(%rbp), %xmm1
	movsd	.LC1(%rip), %xmm2
	addsd	%xmm2, %xmm1
	divsd	%xmm1, %xmm0
	cvtsd2ss	%xmm0, %xmm0
	movl	-4320032(%rbp), %eax
	cltq
	movl	-4320036(%rbp), %edx
	movslq	%edx, %rdx
	imulq	$600, %rdx, %rdx
	addq	%rdx, %rax
	movss	%xmm0, -4320016(%rbp,%rax,4)
	movl	-4320036(%rbp), %eax
	subl	-4320032(%rbp), %eax
	pxor	%xmm0, %xmm0
	cvtsi2sd	%eax, %xmm0
	pxor	%xmm1, %xmm1
	cvtsi2sd	-4320032(%rbp), %xmm1
	movsd	.LC2(%rip), %xmm2
	addsd	%xmm2, %xmm1
	divsd	%xmm1, %xmm0
	cvtsd2ss	%xmm0, %xmm0
	movl	-4320032(%rbp), %eax
	cltq
	movl	-4320036(%rbp), %edx
	movslq	%edx, %rdx
	imulq	$600, %rdx, %rdx
	addq	%rdx, %rax
	movss	%xmm0, -2880016(%rbp,%rax,4)
	addl	$1, -4320032(%rbp)
.L6:
	cmpl	$599, -4320032(%rbp)
	jle	.L7
	addl	$1, -4320036(%rbp)
.L5:
	cmpl	$599, -4320036(%rbp)
	jle	.L8
	movl	$0, -4320024(%rbp)
	jmp	.L9
.L16:
	movl	$0, -4320036(%rbp)
	jmp	.L10
.L15:
	movl	$0, -4320032(%rbp)
	jmp	.L11
.L14:
	pxor	%xmm0, %xmm0
	movss	%xmm0, -4320040(%rbp)
	movl	$0, -4320028(%rbp)
	jmp	.L12
.L13:
	movl	-4320032(%rbp), %eax
	cltq
	movl	-4320028(%rbp), %edx
	movslq	%edx, %rdx
	imulq	$600, %rdx, %rdx
	addq	%rdx, %rax
	movss	-2880016(%rbp,%rax,4), %xmm0
	movl	-4320028(%rbp), %eax
	cltq
	movl	-4320036(%rbp), %edx
	movslq	%edx, %rdx
	imulq	$600, %rdx, %rdx
	addq	%rdx, %rax
	movl	-4320016(%rbp,%rax,4), %eax
	leaq	-4320044(%rbp), %rdx
	movq	%rdx, %rdi
	movaps	%xmm0, %xmm1
	movl	%eax, -4320056(%rbp)
	movss	-4320056(%rbp), %xmm0
	call	producto
	movss	-4320044(%rbp), %xmm0
	movss	-4320040(%rbp), %xmm1
	addss	%xmm1, %xmm0
	movss	%xmm0, -4320040(%rbp)
	addl	$1, -4320028(%rbp)
.L12:
	cmpl	$599, -4320028(%rbp)
	jle	.L13
	movl	-4320032(%rbp), %eax
	cltq
	movl	-4320036(%rbp), %edx
	movslq	%edx, %rdx
	imulq	$600, %rdx, %rdx
	addq	%rdx, %rax
	movss	-4320040(%rbp), %xmm0
	movss	%xmm0, -1440016(%rbp,%rax,4)
	addl	$1, -4320032(%rbp)
.L11:
	cmpl	$599, -4320032(%rbp)
	jle	.L14
	addl	$1, -4320036(%rbp)
.L10:
	cmpl	$599, -4320036(%rbp)
	jle	.L15
	addl	$1, -4320024(%rbp)
.L9:
	movl	-4320024(%rbp), %eax
	cmpl	-4320020(%rbp), %eax
	jl	.L16
	movl	-4320032(%rbp), %eax
	cltq
	movl	-4320036(%rbp), %edx
	movslq	%edx, %rdx
	imulq	$600, %rdx, %rdx
	addq	%rdx, %rax
	movss	-1440016(%rbp,%rax,4), %xmm0
	cvtss2sd	%xmm0, %xmm0
	movl	$.LC4, %edi
	movl	$1, %eax
	call	printf
	movl	-4320020(%rbp), %eax
	movl	%eax, %esi
	movl	$.LC5, %edi
	movl	$0, %eax
	call	printf
	movl	$1, %eax
.L17:
	movq	-8(%rbp), %rcx
	xorq	%fs:40, %rcx
	je	.L18
	call	__stack_chk_fail
.L18:
	leave
	.cfi_def_cfa 7, 8
	ret
	.cfi_endproc
.LFE3:
	.size	main, .-main
	.section	.rodata
	.align 8
.LC1:
	.long	2576980378
	.long	1072798105
	.align 8
.LC2:
	.long	3435973837
	.long	1073794252
	.ident	"GCC: (Ubuntu 5.4.0-6ubuntu1~16.04.5) 5.4.0 20160609"
	.section	.note.GNU-stack,"",@progbits
