	.file	"ejercicio2.c"
	.text
	.globl	producto
	.type	producto, @function
producto:
.LFB38:
	.cfi_startproc
	mulss	%xmm0, %xmm1
	movss	%xmm1, (%rdi)
	ret
	.cfi_endproc
.LFE38:
	.size	producto, .-producto
	.section	.rodata.str1.8,"aMS",@progbits,1
	.align 8
.LC1:
	.string	"[ERROR] Indicar numero de iteraciones como argumento"
	.section	.rodata.str1.1,"aMS",@progbits,1
.LC4:
	.string	"Res: %f\n"
.LC5:
	.string	"N\303\272mero de iteraciones: %d\n"
	.text
	.globl	main
	.type	main, @function
main:
.LFB39:
	.cfi_startproc
	pushq	%rbx
	.cfi_def_cfa_offset 16
	.cfi_offset 3, -16
	subq	$4320016, %rsp
	.cfi_def_cfa_offset 4320032
	movq	%fs:40, %rax
	movq	%rax, 4320008(%rsp)
	xorl	%eax, %eax
	cmpl	$1, %edi
	jg	.L3
	movl	$.LC1, %edi
	call	puts
	movl	$-1, %eax
	jmp	.L4
.L3:
	movq	8(%rsi), %rdi
	movl	$10, %edx
	movl	$0, %esi
	call	strtol
	movq	%rax, %rbx
	movl	%eax, %r10d
	leaq	1440000(%rsp), %r8
	movq	%rsp, %rdi
	movl	$0, %edx
	movsd	.LC2(%rip), %xmm3
	movsd	.LC3(%rip), %xmm2
	jmp	.L5
.L6:
	pxor	%xmm1, %xmm1
	cvtsi2sd	%eax, %xmm1
	leal	(%rdx,%rax), %ecx
	pxor	%xmm0, %xmm0
	cvtsi2sd	%ecx, %xmm0
	movapd	%xmm1, %xmm4
	addsd	%xmm3, %xmm4
	divsd	%xmm4, %xmm0
	cvtsd2ss	%xmm0, %xmm5
	movss	%xmm5, (%rdi,%rsi)
	movl	%edx, %ecx
	subl	%eax, %ecx
	pxor	%xmm0, %xmm0
	cvtsi2sd	%ecx, %xmm0
	addsd	%xmm2, %xmm1
	divsd	%xmm1, %xmm0
	cvtsd2ss	%xmm0, %xmm6
	movss	%xmm6, (%r8,%rsi)
	addl	$1, %eax
	addq	$4, %rsi
	cmpl	$600, %eax
	jne	.L6
	addl	$1, %edx
	addq	$2400, %rdi
	addq	$2400, %r8
	cmpl	$600, %edx
	je	.L7
.L5:
	movl	$0, %esi
	movl	$0, %eax
	jmp	.L6
.L7:
	movl	$0, %r9d
	leaq	1440000(%rsp), %r11
	testl	%ebx, %ebx
	jg	.L19
	jmp	.L9
.L10:
	movss	(%rax), %xmm0
	mulss	(%rdx), %xmm0
	addss	%xmm0, %xmm1
	addq	$2400, %rax
	addq	$4, %rdx
	cmpq	%rax, %rcx
	jne	.L10
	movss	%xmm1, (%rsi)
	addq	$4, %rsi
	addq	$4, %rcx
	cmpq	%rsi, %r8
	je	.L11
.L13:
	leaq	-1440000(%rcx), %rax
	movq	%rdi, %rdx
	pxor	%xmm1, %xmm1
	jmp	.L10
.L11:
	addq	$2400, %r8
	addq	$2400, %rdi
	cmpq	%rdi, %r11
	je	.L12
.L14:
	leaq	-2400(%r8), %rsi
	leaq	2880000(%rsp), %rcx
	jmp	.L13
.L12:
	addl	$1, %r9d
	cmpl	%r10d, %r9d
	jne	.L19
	jmp	.L9
.L19:
	leaq	2882400(%rsp), %r8
	movq	%rsp, %rdi
	jmp	.L14
.L9:
	cvtss2sd	4322400(%rsp), %xmm0
	movl	$.LC4, %esi
	movl	$1, %edi
	movl	$1, %eax
	call	__printf_chk
	movl	%ebx, %edx
	movl	$.LC5, %esi
	movl	$1, %edi
	movl	$0, %eax
	call	__printf_chk
	movl	$1, %eax
.L4:
	movq	4320008(%rsp), %rbx
	xorq	%fs:40, %rbx
	je	.L15
	call	__stack_chk_fail
.L15:
	addq	$4320016, %rsp
	.cfi_def_cfa_offset 16
	popq	%rbx
	.cfi_def_cfa_offset 8
	ret
	.cfi_endproc
.LFE39:
	.size	main, .-main
	.section	.rodata.cst8,"aM",@progbits,8
	.align 8
.LC2:
	.long	2576980378
	.long	1072798105
	.align 8
.LC3:
	.long	3435973837
	.long	1073794252
	.ident	"GCC: (Ubuntu 5.4.0-6ubuntu1~16.04.5) 5.4.0 20160609"
	.section	.note.GNU-stack,"",@progbits
